http://bigdata.edu360.cn/laozhang
http://bigdata.edu360.cn/laozhang
http://bigdata.edu360.cn/laozhao
http://bigdata.edu360.cn/laozhao
http://bigdata.edu360.cn/laozhao
http://bigdata.edu360.cn/laozhao
http://bigdata.edu360.cn/laozhao
http://bigdata.edu360.cn/laoduan
http://bigdata.edu360.cn/laoduan
http://javaee.edu360.cn/xiaoxu
http://javaee.edu360.cn/xiaoxu
http://javaee.edu360.cn/laoyang
http://javaee.edu360.cn/laoyang
http://javaee.edu360.cn/laoyang
http://javaee.edu360.cn/laoyang
http://javaee.edu360.cn/laoyang
http://javaee.edu360.cn/laoyang
http://javaee.edu360.cn/laoyang
http://javaee.edu360.cn/laoyang
http://javaee.edu360.cn/laozhang
http://javaee.edu360.cn/laozhang
http://javaee.edu360.cn/laozhang
http://javaee.edu360.cn/laozhang
http://javaee.edu360.cn/laozhang
http://javaee.edu360.cn/laoyang
http://javaee.edu360.cn/laoyang
http://javaee.edu360.cn/laoyang
http://javaee.edu360.cn/laoyang
http://javaee.edu360.cn/laoyang
http://javaee.edu360.cn/laoyang
http://javaee.edu360.cn/laoyang
http://javaee.edu360.cn/laoyang
http://javaee.edu360.cn/laoyang
http://javaee.edu360.cn/laoyang
http://javaee.edu360.cn/laoyang
http://javaee.edu360.cn/laoyang
http://javaee.edu360.cn/laoyang
http://javaee.edu360.cn/wang
http://javaee.edu360.cn/wang
http://javaee.edu360.cn/wang
http://javaee.edu360.cn/wang
http://javaee.edu360.cn/wang
http://javaee.edu360.cn/wang
http://javaee.edu360.cn/wang
http://javaee.edu360.cn/wang
http://bigdata.edu360.cn/laozhao
http://bigdata.edu360.cn/laozhao
http://bigdata.edu360.cn/laozhao
http://bigdata.edu360.cn/laozhao
http://bigdata.edu360.cn/laozhao
http://bigdata.edu360.cn/laoduan
http://bigdata.edu360.cn/laoduan
http://javaee.edu360.cn/xiaoxu
http://javaee.edu360.cn/xiaoxu
http://javaee.edu360.cn/laoyang
http://javaee.edu360.cn/laoyang
http://javaee.edu360.cn/laoyang
http://bigdata.edu360.cn/laozhao
http://bigdata.edu360.cn/laozhao
http://bigdata.edu360.cn/laozhao
http://bigdata.edu360.cn/laozhao
http://bigdata.edu360.cn/laozhao
http://bigdata.edu360.cn/laoduan
http://bigdata.edu360.cn/laoduan
http://bigdata.edu360.cn/laozhao
http://bigdata.edu360.cn/laozhao
http://bigdata.edu360.cn/laozhao
http://bigdata.edu360.cn/laozhao
http://bigdata.edu360.cn/laozhao
http://bigdata.edu360.cn/laoduan
http://bigdata.edu360.cn/laoduan
http://bigdata.edu360.cn/laozhao
http://bigdata.edu360.cn/laozhao
http://bigdata.edu360.cn/laozhao
http://bigdata.edu360.cn/laozhao
http://bigdata.edu360.cn/laozhao
http://bigdata.edu360.cn/laoduan
http://bigdata.edu360.cn/laoduan
http://bigdata.edu360.cn/dingding
http://bigdata.edu360.cn/dingding
http://bigdata.edu360.cn/dingding
http://bigdata.edu360.cn/dingding
http://bigdata.edu360.cn/dingding
http://bigdata.edu360.cn/dingding
http://bigdata.edu360.cn/dingding
http://javaee.edu360.cn/xiaoxu
http://javaee.edu360.cn/xiaoxu
http://javaee.edu360.cn/laoyang
http://javaee.edu360.cn/laoyang
http://javaee.edu360.cn/laoyang
http://php.edu360.cn/laoli
http://php.edu360.cn/laoliu
http://php.edu360.cn/laoli
http://php.edu360.cn/laoli
http://php.edu360.cn/laoli
http://php.edu360.cn/laoliu
http://php.edu360.cn/laoli
http://php.edu360.cn/laoli
http://php.edu360.cn/laoli
http://php.edu360.cn/laoliu
http://php.edu360.cn/laoli
http://php.edu360.cn/laoli
http://php.edu360.cn/san
http://php.edu360.cn/laoliu
http://php.edu360.cn/laoli
http://php.edu360.cn/laoli
http://php.edu360.cn/san
http://php.edu360.cn/laoliu
http://php.edu360.cn/laoli
http://php.edu360.cn/san
